The system is: Darwin - 14.0.0 - i386
Compiling the C compiler identification source file "CMakeCCompilerId.c" succeeded.
Compiler: /scr_davidson/davidson/contrib/mpich/bin/mpicc 
Build flags: -fPIC;-pipe;-Wall
Id flags: 

The output was:
0


Compilation of the C compiler identification source "CMakeCCompilerId.c" produced "a.out"

The C compiler identification is Clang, found in "/Users/BradleyLNL/mpi-projects/FD1D/CMakeFiles/2.8.12.1/CompilerIdC/a.out"

Compiling the CXX compiler identification source file "CMakeCXXCompilerId.cpp" succeeded.
Compiler: /scr_davidson/davidson/contrib/mpich/bin/mpic++ 
Build flags: -Wall;-fPIC;-pipe;-std=c++11;-stdlib=libc++
Id flags: 

The output was:
0


Compilation of the CXX compiler identification source "CMakeCXXCompilerId.cpp" produced "a.out"

The CXX compiler identification is Clang, found in "/Users/BradleyLNL/mpi-projects/FD1D/CMakeFiles/2.8.12.1/CompilerIdCXX/a.out"

Determining if the C compiler works passed with the following output:
Change Dir: /Users/BradleyLNL/mpi-projects/FD1D/CMakeFiles/CMakeTmp

Run Build Command:/usr/bin/make "cmTryCompileExec1365708312/fast"
/Applications/Xcode.app/Contents/Developer/usr/bin/make -f CMakeFiles/cmTryCompileExec1365708312.dir/build.make CMakeFiles/cmTryCompileExec1365708312.dir/build
"/Applications/CMake 2.8-12.app/Contents/bin/cmake" -E cmake_progress_report /Users/BradleyLNL/mpi-projects/FD1D/CMakeFiles/CMakeTmp/CMakeFiles 1
Building C object CMakeFiles/cmTryCompileExec1365708312.dir/testCCompiler.c.o
/scr_davidson/davidson/contrib/mpich/bin/mpicc   -fPIC -pipe -Wall    -o CMakeFiles/cmTryCompileExec1365708312.dir/testCCompiler.c.o   -c /Users/BradleyLNL/mpi-projects/FD1D/CMakeFiles/CMakeTmp/testCCompiler.c
Linking C executable cmTryCompileExec1365708312
"/Applications/CMake 2.8-12.app/Contents/bin/cmake" -E cmake_link_script CMakeFiles/cmTryCompileExec1365708312.dir/link.txt --verbose=1
/scr_davidson/davidson/contrib/mpich/bin/mpicc  -fPIC -pipe -Wall  -Wl,-search_paths_first -Wl,-headerpad_max_install_names   CMakeFiles/cmTryCompileExec1365708312.dir/testCCompiler.c.o  -o cmTryCompileExec1365708312  


Detecting C compiler ABI info compiled with the following output:
Change Dir: /Users/BradleyLNL/mpi-projects/FD1D/CMakeFiles/CMakeTmp

Run Build Command:/usr/bin/make "cmTryCompileExec3495519/fast"
/Applications/Xcode.app/Contents/Developer/usr/bin/make -f CMakeFiles/cmTryCompileExec3495519.dir/build.make CMakeFiles/cmTryCompileExec3495519.dir/build
"/Applications/CMake 2.8-12.app/Contents/bin/cmake" -E cmake_progress_report /Users/BradleyLNL/mpi-projects/FD1D/CMakeFiles/CMakeTmp/CMakeFiles 1
Building C object CMakeFiles/cmTryCompileExec3495519.dir/CMakeCCompilerABI.c.o
/scr_davidson/davidson/contrib/mpich/bin/mpicc   -fPIC -pipe -Wall    -o CMakeFiles/cmTryCompileExec3495519.dir/CMakeCCompilerABI.c.o   -c "/Applications/CMake 2.8-12.app/Contents/share/cmake-2.8/Modules/CMakeCCompilerABI.c"
Linking C executable cmTryCompileExec3495519
"/Applications/CMake 2.8-12.app/Contents/bin/cmake" -E cmake_link_script CMakeFiles/cmTryCompileExec3495519.dir/link.txt --verbose=1
/scr_davidson/davidson/contrib/mpich/bin/mpicc  -fPIC -pipe -Wall  -Wl,-search_paths_first -Wl,-headerpad_max_install_names -v -Wl,-v CMakeFiles/cmTryCompileExec3495519.dir/CMakeCCompilerABI.c.o  -o cmTryCompileExec3495519   
mpicc for MPICH version 3.1.4
Apple LLVM version 6.1.0 (clang-602.0.53) (based on LLVM 3.6.0svn)
Target: x86_64-apple-darwin14.0.0
Thread model: posix
 "/Applications/Xcode.app/Contents/Developer/Toolchains/XcodeDefault.xctoolchain/usr/bin/ld" -demangle -dynamic -arch x86_64 -macosx_version_min 10.10.0 -o cmTryCompileExec3495519 -L/scr_davidson/davidson/contrib/mpich/lib -flat_namespace -search_paths_first -headerpad_max_install_names -v CMakeFiles/cmTryCompileExec3495519.dir/CMakeCCompilerABI.c.o -lmpi -lpmpi -lSystem /Applications/Xcode.app/Contents/Developer/Toolchains/XcodeDefault.xctoolchain/usr/bin/../lib/clang/6.1.0/lib/darwin/libclang_rt.osx.a
@(#)PROGRAM:ld  PROJECT:ld64-242.2
configured to support archs: armv6 armv7 armv7s arm64 i386 x86_64 x86_64h armv6m armv7m armv7em
Library search paths:
	/scr_davidson/davidson/contrib/mpich/lib
	/usr/lib
	/usr/local/lib
Framework search paths:
	/Library/Frameworks/
	/System/Library/Frameworks/


Parsed C implicit link information from above output:
  link line regex: [^( *|.*[/\])(ld|([^/\]+-)?ld|collect2)[^/\]*( |$)]
  ignore line: [Change Dir: /Users/BradleyLNL/mpi-projects/FD1D/CMakeFiles/CMakeTmp]
  ignore line: []
  ignore line: [Run Build Command:/usr/bin/make "cmTryCompileExec3495519/fast"]
  ignore line: [/Applications/Xcode.app/Contents/Developer/usr/bin/make -f CMakeFiles/cmTryCompileExec3495519.dir/build.make CMakeFiles/cmTryCompileExec3495519.dir/build]
  ignore line: ["/Applications/CMake 2.8-12.app/Contents/bin/cmake" -E cmake_progress_report /Users/BradleyLNL/mpi-projects/FD1D/CMakeFiles/CMakeTmp/CMakeFiles 1]
  ignore line: [Building C object CMakeFiles/cmTryCompileExec3495519.dir/CMakeCCompilerABI.c.o]
  ignore line: [/scr_davidson/davidson/contrib/mpich/bin/mpicc   -fPIC -pipe -Wall    -o CMakeFiles/cmTryCompileExec3495519.dir/CMakeCCompilerABI.c.o   -c "/Applications/CMake 2.8-12.app/Contents/share/cmake-2.8/Modules/CMakeCCompilerABI.c"]
  ignore line: [Linking C executable cmTryCompileExec3495519]
  ignore line: ["/Applications/CMake 2.8-12.app/Contents/bin/cmake" -E cmake_link_script CMakeFiles/cmTryCompileExec3495519.dir/link.txt --verbose=1]
  ignore line: [/scr_davidson/davidson/contrib/mpich/bin/mpicc  -fPIC -pipe -Wall  -Wl,-search_paths_first -Wl,-headerpad_max_install_names -v -Wl,-v CMakeFiles/cmTryCompileExec3495519.dir/CMakeCCompilerABI.c.o  -o cmTryCompileExec3495519   ]
  ignore line: [mpicc for MPICH version 3.1.4]
  ignore line: [Apple LLVM version 6.1.0 (clang-602.0.53) (based on LLVM 3.6.0svn)]
  ignore line: [Target: x86_64-apple-darwin14.0.0]
  ignore line: [Thread model: posix]
  link line: [ "/Applications/Xcode.app/Contents/Developer/Toolchains/XcodeDefault.xctoolchain/usr/bin/ld" -demangle -dynamic -arch x86_64 -macosx_version_min 10.10.0 -o cmTryCompileExec3495519 -L/scr_davidson/davidson/contrib/mpich/lib -flat_namespace -search_paths_first -headerpad_max_install_names -v CMakeFiles/cmTryCompileExec3495519.dir/CMakeCCompilerABI.c.o -lmpi -lpmpi -lSystem /Applications/Xcode.app/Contents/Developer/Toolchains/XcodeDefault.xctoolchain/usr/bin/../lib/clang/6.1.0/lib/darwin/libclang_rt.osx.a]
    arg [/Applications/Xcode.app/Contents/Developer/Toolchains/XcodeDefault.xctoolchain/usr/bin/ld] ==> ignore
    arg [-demangle] ==> ignore
    arg [-dynamic] ==> ignore
    arg [-arch] ==> ignore
    arg [x86_64] ==> ignore
    arg [-macosx_version_min] ==> ignore
    arg [10.10.0] ==> ignore
    arg [-o] ==> ignore
    arg [cmTryCompileExec3495519] ==> ignore
    arg [-L/scr_davidson/davidson/contrib/mpich/lib] ==> dir [/scr_davidson/davidson/contrib/mpich/lib]
    arg [-flat_namespace] ==> ignore
    arg [-search_paths_first] ==> ignore
    arg [-headerpad_max_install_names] ==> ignore
    arg [-v] ==> ignore
    arg [CMakeFiles/cmTryCompileExec3495519.dir/CMakeCCompilerABI.c.o] ==> ignore
    arg [-lmpi] ==> lib [mpi]
    arg [-lpmpi] ==> lib [pmpi]
    arg [-lSystem] ==> lib [System]
    arg [/Applications/Xcode.app/Contents/Developer/Toolchains/XcodeDefault.xctoolchain/usr/bin/../lib/clang/6.1.0/lib/darwin/libclang_rt.osx.a] ==> lib [/Applications/Xcode.app/Contents/Developer/Toolchains/XcodeDefault.xctoolchain/usr/bin/../lib/clang/6.1.0/lib/darwin/libclang_rt.osx.a]
  Library search paths: [;/scr_davidson/davidson/contrib/mpich/lib;/usr/lib;/usr/local/lib]
  Framework search paths: [;/Library/Frameworks/;/System/Library/Frameworks/]
  remove lib [System]
  collapse lib [/Applications/Xcode.app/Contents/Developer/Toolchains/XcodeDefault.xctoolchain/usr/bin/../lib/clang/6.1.0/lib/darwin/libclang_rt.osx.a] ==> [/Applications/Xcode.app/Contents/Developer/Toolchains/XcodeDefault.xctoolchain/usr/lib/clang/6.1.0/lib/darwin/libclang_rt.osx.a]
  collapse library dir [/scr_davidson/davidson/contrib/mpich/lib] ==> [/scr_davidson/davidson/contrib/mpich/lib]
  collapse library dir [/scr_davidson/davidson/contrib/mpich/lib] ==> [/scr_davidson/davidson/contrib/mpich/lib]
  collapse library dir [/usr/lib] ==> [/usr/lib]
  collapse library dir [/usr/local/lib] ==> [/usr/local/lib]
  collapse framework dir [/Library/Frameworks/] ==> [/Library/Frameworks]
  collapse framework dir [/System/Library/Frameworks/] ==> [/System/Library/Frameworks]
  implicit libs: [mpi;pmpi;/Applications/Xcode.app/Contents/Developer/Toolchains/XcodeDefault.xctoolchain/usr/lib/clang/6.1.0/lib/darwin/libclang_rt.osx.a]
  implicit dirs: [/scr_davidson/davidson/contrib/mpich/lib;/usr/lib;/usr/local/lib]
  implicit fwks: [/Library/Frameworks;/System/Library/Frameworks]


Determining if the CXX compiler works passed with the following output:
Change Dir: /Users/BradleyLNL/mpi-projects/FD1D/CMakeFiles/CMakeTmp

Run Build Command:/usr/bin/make "cmTryCompileExec2966336559/fast"
/Applications/Xcode.app/Contents/Developer/usr/bin/make -f CMakeFiles/cmTryCompileExec2966336559.dir/build.make CMakeFiles/cmTryCompileExec2966336559.dir/build
"/Applications/CMake 2.8-12.app/Contents/bin/cmake" -E cmake_progress_report /Users/BradleyLNL/mpi-projects/FD1D/CMakeFiles/CMakeTmp/CMakeFiles 1
Building CXX object CMakeFiles/cmTryCompileExec2966336559.dir/testCXXCompiler.cxx.o
/scr_davidson/davidson/contrib/mpich/bin/mpic++    -Wall -fPIC -pipe -std=c++11 -stdlib=libc++    -o CMakeFiles/cmTryCompileExec2966336559.dir/testCXXCompiler.cxx.o -c /Users/BradleyLNL/mpi-projects/FD1D/CMakeFiles/CMakeTmp/testCXXCompiler.cxx
Linking CXX executable cmTryCompileExec2966336559
"/Applications/CMake 2.8-12.app/Contents/bin/cmake" -E cmake_link_script CMakeFiles/cmTryCompileExec2966336559.dir/link.txt --verbose=1
/scr_davidson/davidson/contrib/mpich/bin/mpic++   -Wall -fPIC -pipe -std=c++11 -stdlib=libc++  -Wl,-search_paths_first -Wl,-headerpad_max_install_names   CMakeFiles/cmTryCompileExec2966336559.dir/testCXXCompiler.cxx.o  -o cmTryCompileExec2966336559  


Detecting CXX compiler ABI info compiled with the following output:
Change Dir: /Users/BradleyLNL/mpi-projects/FD1D/CMakeFiles/CMakeTmp

Run Build Command:/usr/bin/make "cmTryCompileExec3225900507/fast"
/Applications/Xcode.app/Contents/Developer/usr/bin/make -f CMakeFiles/cmTryCompileExec3225900507.dir/build.make CMakeFiles/cmTryCompileExec3225900507.dir/build
"/Applications/CMake 2.8-12.app/Contents/bin/cmake" -E cmake_progress_report /Users/BradleyLNL/mpi-projects/FD1D/CMakeFiles/CMakeTmp/CMakeFiles 1
Building CXX object CMakeFiles/cmTryCompileExec3225900507.dir/CMakeCXXCompilerABI.cpp.o
/scr_davidson/davidson/contrib/mpich/bin/mpic++    -Wall -fPIC -pipe -std=c++11 -stdlib=libc++    -o CMakeFiles/cmTryCompileExec3225900507.dir/CMakeCXXCompilerABI.cpp.o -c "/Applications/CMake 2.8-12.app/Contents/share/cmake-2.8/Modules/CMakeCXXCompilerABI.cpp"
Linking CXX executable cmTryCompileExec3225900507
"/Applications/CMake 2.8-12.app/Contents/bin/cmake" -E cmake_link_script CMakeFiles/cmTryCompileExec3225900507.dir/link.txt --verbose=1
/scr_davidson/davidson/contrib/mpich/bin/mpic++   -Wall -fPIC -pipe -std=c++11 -stdlib=libc++  -Wl,-search_paths_first -Wl,-headerpad_max_install_names -v -Wl,-v CMakeFiles/cmTryCompileExec3225900507.dir/CMakeCXXCompilerABI.cpp.o  -o cmTryCompileExec3225900507   
mpicxx for MPICH version 3.1.4
Apple LLVM version 6.1.0 (clang-602.0.53) (based on LLVM 3.6.0svn)
Target: x86_64-apple-darwin14.0.0
Thread model: posix
 "/Applications/Xcode.app/Contents/Developer/Toolchains/XcodeDefault.xctoolchain/usr/bin/ld" -demangle -dynamic -arch x86_64 -macosx_version_min 10.10.0 -o cmTryCompileExec3225900507 -L/scr_davidson/davidson/contrib/mpich/lib -flat_namespace -search_paths_first -headerpad_max_install_names -v CMakeFiles/cmTryCompileExec3225900507.dir/CMakeCXXCompilerABI.cpp.o -lmpicxx -lmpi -lpmpi -lc++ -lSystem /Applications/Xcode.app/Contents/Developer/Toolchains/XcodeDefault.xctoolchain/usr/bin/../lib/clang/6.1.0/lib/darwin/libclang_rt.osx.a
@(#)PROGRAM:ld  PROJECT:ld64-242.2
configured to support archs: armv6 armv7 armv7s arm64 i386 x86_64 x86_64h armv6m armv7m armv7em
Library search paths:
	/scr_davidson/davidson/contrib/mpich/lib
	/usr/lib
	/usr/local/lib
Framework search paths:
	/Library/Frameworks/
	/System/Library/Frameworks/


Parsed CXX implicit link information from above output:
  link line regex: [^( *|.*[/\])(ld|([^/\]+-)?ld|collect2)[^/\]*( |$)]
  ignore line: [Change Dir: /Users/BradleyLNL/mpi-projects/FD1D/CMakeFiles/CMakeTmp]
  ignore line: []
  ignore line: [Run Build Command:/usr/bin/make "cmTryCompileExec3225900507/fast"]
  ignore line: [/Applications/Xcode.app/Contents/Developer/usr/bin/make -f CMakeFiles/cmTryCompileExec3225900507.dir/build.make CMakeFiles/cmTryCompileExec3225900507.dir/build]
  ignore line: ["/Applications/CMake 2.8-12.app/Contents/bin/cmake" -E cmake_progress_report /Users/BradleyLNL/mpi-projects/FD1D/CMakeFiles/CMakeTmp/CMakeFiles 1]
  ignore line: [Building CXX object CMakeFiles/cmTryCompileExec3225900507.dir/CMakeCXXCompilerABI.cpp.o]
  ignore line: [/scr_davidson/davidson/contrib/mpich/bin/mpic++    -Wall -fPIC -pipe -std=c++11 -stdlib=libc++    -o CMakeFiles/cmTryCompileExec3225900507.dir/CMakeCXXCompilerABI.cpp.o -c "/Applications/CMake 2.8-12.app/Contents/share/cmake-2.8/Modules/CMakeCXXCompilerABI.cpp"]
  ignore line: [Linking CXX executable cmTryCompileExec3225900507]
  ignore line: ["/Applications/CMake 2.8-12.app/Contents/bin/cmake" -E cmake_link_script CMakeFiles/cmTryCompileExec3225900507.dir/link.txt --verbose=1]
  ignore line: [/scr_davidson/davidson/contrib/mpich/bin/mpic++   -Wall -fPIC -pipe -std=c++11 -stdlib=libc++  -Wl,-search_paths_first -Wl,-headerpad_max_install_names -v -Wl,-v CMakeFiles/cmTryCompileExec3225900507.dir/CMakeCXXCompilerABI.cpp.o  -o cmTryCompileExec3225900507   ]
  ignore line: [mpicxx for MPICH version 3.1.4]
  ignore line: [Apple LLVM version 6.1.0 (clang-602.0.53) (based on LLVM 3.6.0svn)]
  ignore line: [Target: x86_64-apple-darwin14.0.0]
  ignore line: [Thread model: posix]
  link line: [ "/Applications/Xcode.app/Contents/Developer/Toolchains/XcodeDefault.xctoolchain/usr/bin/ld" -demangle -dynamic -arch x86_64 -macosx_version_min 10.10.0 -o cmTryCompileExec3225900507 -L/scr_davidson/davidson/contrib/mpich/lib -flat_namespace -search_paths_first -headerpad_max_install_names -v CMakeFiles/cmTryCompileExec3225900507.dir/CMakeCXXCompilerABI.cpp.o -lmpicxx -lmpi -lpmpi -lc++ -lSystem /Applications/Xcode.app/Contents/Developer/Toolchains/XcodeDefault.xctoolchain/usr/bin/../lib/clang/6.1.0/lib/darwin/libclang_rt.osx.a]
    arg [/Applications/Xcode.app/Contents/Developer/Toolchains/XcodeDefault.xctoolchain/usr/bin/ld] ==> ignore
    arg [-demangle] ==> ignore
    arg [-dynamic] ==> ignore
    arg [-arch] ==> ignore
    arg [x86_64] ==> ignore
    arg [-macosx_version_min] ==> ignore
    arg [10.10.0] ==> ignore
    arg [-o] ==> ignore
    arg [cmTryCompileExec3225900507] ==> ignore
    arg [-L/scr_davidson/davidson/contrib/mpich/lib] ==> dir [/scr_davidson/davidson/contrib/mpich/lib]
    arg [-flat_namespace] ==> ignore
    arg [-search_paths_first] ==> ignore
    arg [-headerpad_max_install_names] ==> ignore
    arg [-v] ==> ignore
    arg [CMakeFiles/cmTryCompileExec3225900507.dir/CMakeCXXCompilerABI.cpp.o] ==> ignore
    arg [-lmpicxx] ==> lib [mpicxx]
    arg [-lmpi] ==> lib [mpi]
    arg [-lpmpi] ==> lib [pmpi]
    arg [-lc++] ==> lib [c++]
    arg [-lSystem] ==> lib [System]
    arg [/Applications/Xcode.app/Contents/Developer/Toolchains/XcodeDefault.xctoolchain/usr/bin/../lib/clang/6.1.0/lib/darwin/libclang_rt.osx.a] ==> lib [/Applications/Xcode.app/Contents/Developer/Toolchains/XcodeDefault.xctoolchain/usr/bin/../lib/clang/6.1.0/lib/darwin/libclang_rt.osx.a]
  Library search paths: [;/scr_davidson/davidson/contrib/mpich/lib;/usr/lib;/usr/local/lib]
  Framework search paths: [;/Library/Frameworks/;/System/Library/Frameworks/]
  remove lib [System]
  collapse lib [/Applications/Xcode.app/Contents/Developer/Toolchains/XcodeDefault.xctoolchain/usr/bin/../lib/clang/6.1.0/lib/darwin/libclang_rt.osx.a] ==> [/Applications/Xcode.app/Contents/Developer/Toolchains/XcodeDefault.xctoolchain/usr/lib/clang/6.1.0/lib/darwin/libclang_rt.osx.a]
  collapse library dir [/scr_davidson/davidson/contrib/mpich/lib] ==> [/scr_davidson/davidson/contrib/mpich/lib]
  collapse library dir [/scr_davidson/davidson/contrib/mpich/lib] ==> [/scr_davidson/davidson/contrib/mpich/lib]
  collapse library dir [/usr/lib] ==> [/usr/lib]
  collapse library dir [/usr/local/lib] ==> [/usr/local/lib]
  collapse framework dir [/Library/Frameworks/] ==> [/Library/Frameworks]
  collapse framework dir [/System/Library/Frameworks/] ==> [/System/Library/Frameworks]
  implicit libs: [mpicxx;mpi;pmpi;c++;/Applications/Xcode.app/Contents/Developer/Toolchains/XcodeDefault.xctoolchain/usr/lib/clang/6.1.0/lib/darwin/libclang_rt.osx.a]
  implicit dirs: [/scr_davidson/davidson/contrib/mpich/lib;/usr/lib;/usr/local/lib]
  implicit fwks: [/Library/Frameworks;/System/Library/Frameworks]


